2023-07-02 15:26:27,438 - __main__ - INFO - Generating deals on 2023-26-02-152627
<<<<<<< HEAD
2023-07-03 10:19:20,034 - __main__ - INFO - Generating 1000 deals
=======
2023-07-02 15:02:42,023 - __main__ - INFO - Generating 1000 deals
2023-07-03 01:31:06,933 - __main__ - INFO - Generating 1000 deals
2023-07-03 09:22:54,764 - __main__ - INFO - Generating 1000 deals
>>>>>>> c408949c6c20efae0475b095ed7d3bb28d64021f
2023-07-03 09:29:16,712 - __main__ - INFO - Generating 500 deals
2023-07-10 01:31:43,533 - __main__ - INFO - Generating 500 deals
2023-07-17 01:34:17,748 - __main__ - INFO - Generating 500 deals
2023-07-24 01:29:59,969 - __main__ - INFO - Generating 500 deals
2023-07-31 01:29:39,531 - __main__ - INFO - Generating 500 deals
2023-08-07 01:29:34,468 - __main__ - INFO - Generating 500 deals
2023-08-14 01:23:05,166 - __main__ - INFO - Generating 500 deals
2023-08-21 01:22:14,405 - __main__ - INFO - Generating 500 deals
2023-08-28 01:23:31,249 - __main__ - INFO - Generating 500 deals
2023-09-04 01:23:57,388 - __main__ - INFO - Generating 500 deals
2023-09-11 01:24:22,456 - __main__ - INFO - Generating 500 deals
2023-09-18 01:24:16,520 - __main__ - INFO - Generating 500 deals
2023-09-25 01:24:39,852 - __main__ - INFO - Generating 500 deals
2023-10-02 01:24:46,351 - __main__ - INFO - Generating 500 deals
2023-10-09 01:24:27,351 - __main__ - INFO - Generating 500 deals
2023-10-16 01:25:33,228 - __main__ - INFO - Generating 500 deals
2023-10-23 01:24:47,209 - __main__ - INFO - Generating 500 deals
2023-10-30 01:24:56,103 - __main__ - INFO - Generating 500 deals
2023-11-06 01:26:37,714 - __main__ - INFO - Generating 500 deals
2023-11-13 01:26:47,085 - __main__ - INFO - Generating 500 deals
2023-11-20 01:27:25,260 - __main__ - INFO - Generating 500 deals
2023-11-27 01:26:52,418 - __main__ - INFO - Generating 500 deals
2023-12-04 01:27:19,263 - __main__ - INFO - Generating 500 deals
2023-12-11 01:27:33,858 - __main__ - INFO - Generating 500 deals
2023-12-18 01:27:31,539 - __main__ - INFO - Generating 500 deals
2023-12-25 01:27:05,438 - __main__ - INFO - Generating 500 deals
2024-01-01 01:29:37,930 - __main__ - INFO - Generating 500 deals
2024-01-08 01:27:35,069 - __main__ - INFO - Generating 500 deals
2024-01-15 01:28:54,017 - __main__ - INFO - Generating 500 deals
2024-01-22 01:29:19,362 - __main__ - INFO - Generating 500 deals
2024-01-29 01:23:52,618 - __main__ - INFO - Generating 500 deals
2024-02-05 01:25:28,410 - __main__ - INFO - Generating 500 deals
2024-02-12 01:23:47,060 - __main__ - INFO - Generating 500 deals
2024-02-19 01:24:21,754 - __main__ - INFO - Generating 500 deals
2024-02-26 01:24:32,947 - __main__ - INFO - Generating 500 deals
2024-03-04 01:25:27,118 - __main__ - INFO - Generating 500 deals
2024-03-11 01:23:51,325 - __main__ - INFO - Generating 500 deals
2024-03-18 01:24:06,607 - __main__ - INFO - Generating 500 deals
